13 [22572697385344] INFO perfrun.launcher <> - Launcher main begin
17 [22572697385344] INFO perfrun.launcher <> - MessageCatalogInit finished
17 [22572697385344] INFO perfrun.launcher <> - Launcher instance created
17 [22572697385344] INFO perfrun.launcher <> - argc = 6; cmdline = /global/home/users/tutran/intel/oneapi/vtune/2021.4.0/bin64/amplxe-runss -dump-vdso -r /tmp/amplxe-tmp-tutran/amplxe-res-267369-972079880778998 --tmp-dir /tmp/amplxe-tmp-tutran 
88 [22572697385344] INFO perfrun.launcher <> - create msngr2::ICliToolContext
89 [22572697385344] INFO perfrun.launcher <> - create file finder object
92 [22572576421632] INFO perfrun.launcher <> - plugin [remoteplug] was disabled because it doesn't support the given collection type.
92 [22572576421632] INFO perfrun.launcher <> - plugin [system] was disabled because it doesn't support the given collection type.
92 [22572576421632] INFO perfrun.vdso <> - dumping [vdso] pseudomodule
93 [22572576421632] INFO perfrun.launcher <> - plugin [itt] was disabled because it doesn't support the given collection type.
93 [22572576421632] INFO perfrun.launcher <> - plugin [ptracecollector] was disabled because it doesn't support the given collection type.
93 [22572576421632] INFO perfrun.launcher <> - plugin [gpu] was disabled because it doesn't support the given collection type.
93 [22572576421632] INFO perfrun.launcher <> - plugin [] was disabled because it doesn't support the given collection type.
93 [22572576421632] INFO perfrun.launcher <> - plugin [] was disabled because it doesn't support the given collection type.
93 [22572576421632] INFO perfrun.launcher <> - plugin [] was disabled because it doesn't support the given collection type.
93 [22572576421632] INFO perfrun.launcher <> - plugin [mrte] was disabled because it doesn't support the given collection type.
93 [22572576421632] INFO perfrun.launcher <> - plugin [emon] was disabled because it doesn't support the given collection type.
93 [22572576421632] INFO perfrun.launcher <> - plugin [cuscol] was disabled because it doesn't support the given collection type.
93 [22572576421632] INFO perfrun.launcher <> - plugin [stdsrc] was disabled because it doesn't support the given collection type.
93 [22572576421632] INFO perfrun.launcher <> - plugin [sep] was disabled because it doesn't support the given collection type.
93 [22572576421632] INFO perfrun.launcher <> - plugin [vtsspp] was disabled because it doesn't support the given collection type.
93 [22572576421632] INFO perfrun.launcher <> - plugin [perf] was disabled because it doesn't support the given collection type.
93 [22572576421632] INFO perfrun.launcher <> - plugin [aoclprofile] was disabled because it doesn't support the given collection type.
93 [22572576421632] INFO perfrun.launcher <> - plugin [tpss] was disabled because it doesn't support the given collection type.
93 [22572576421632] INFO perfrun.launcher <> - plugin [exprof] was disabled because it doesn't support the given collection type.
93 [22572576421632] INFO perfrun.launcher <> - plugin [media] was disabled because it doesn't support the given collection type.
93 [22572576421632] INFO perfrun.launcher <> - plugin [] was disabled because it doesn't support the given collection type.
93 [22572576421632] INFO perfrun.launcher <> - plugin [] was disabled because it doesn't support the given collection type.
93 [22572576421632] INFO perfrun.launcher <> - plugin [parallelfs] was disabled because it doesn't support the given collection type.
93 [22572576421632] INFO perfrun.launcher <> - plugin [power] was disabled because it doesn't support the given collection type.
93 [22572576421632] INFO perfrun.launcher <> - plugin [hwloc] was disabled because it doesn't support the given collection type.
93 [22572576421632] INFO perfrun.launcher <> - plugin [ipmwatch] was disabled because it doesn't support the given collection type.
93 [22572576421632] INFO perfrun.launcher <> - plugin [os_counters] was disabled because it doesn't support the given collection type.
93 [22572697385344] INFO perfrun.launcher <> - Application exit code: 0
93 [22572697385344] INFO perfrun.launcher <> - Exit code: 0
